<beans xmlns="http://www.springframework.org/schema/beans"
       xmlns:context="http://www.springframework.org/schema/context"
       xmlns:mvc="http://www.springframework.org/schema/mvc"
       xmlns:xsi="http://www.w3.org/2001/XMLSchema-instance"
       xsi:schemaLocation="
        http://www.springframework.org/schema/beans     http://www.springframework.org/schema/beans/spring-beans-4.0.xsd
        http://www.springframework.org/schema/context   http://www.springframework.org/schema/context/spring-context-4.0.xsd
        http://www.springframework.org/schema/mvc       http://www.springframework.org/schema/mvc/spring-mvc-4.0.xsd">

    <bean id="participantInfoDao" class="com.vdsi.hackathon.devopschallenge.dao.ParticipantInfoDaoImpl">
    	<property name="dataSource" ref="dataSource"></property>
    </bean>
    <bean id="dataSource"
		class="org.springframework.jdbc.datasource.DriverManagerDataSource">

		<property name="driverClassName" value="org.h2.Driver" />
		<property name="url" value="jdbc:h2:mem:test;MODE=Oracle;DB_CLOSE_DELAY=-1;DB_CLOSE_ON_EXIT=FALSE" />
		<property name="username" value="sa" />
		<property name="password" value="root" />
	</bean>
	<bean id="sqlScriptProcessor"
      class="com.vdsi.hackathon.devopschallenge.base.SqlScriptProcessor">
    <property name="dataSource" ref="dataSource" />
    <property name="initOnStartup" value="true" />
    <property name="sqlScripts">
        <list>
            <value>classpath:/testdbutils/createparticipantdb.sql</value>
        </list>
    </property>
</bean>

</beans>